<?xml version="1.0" encoding="UTF-8"?>
<!-- Generated by org.testng.reporters.JUnitXMLReporter -->
<testsuite ignored="0" hostname="DESKTOP-V2AP8VU" failures="0" tests="3" name="Test1" time="0.27" errors="0" timestamp="2022-03-16T15:17:36 IST">
  <testcase classname="practice1.CreateOrganization" name="createContract" time="0.045"/>
  <testcase classname="practice1.CreateOrganization" name="createOrg" time="0.007"/>
  <testcase classname="practice1.CreateOrganization" name="createindustry" time="0.007"/>
</testsuite> <!-- Test1 -->
