<?xml version="1.0" encoding="UTF-8"?>
<testng-results ignored="0" total="1" passed="1" failed="0" skipped="0">
  <reporter-output>
  </reporter-output>
  <suite started-at="2022-03-23T12:41:06 IST" name="Default suite" finished-at="2022-03-23T12:42:15 IST" duration-ms="69507">
    <groups>
    </groups>
    <test started-at="2022-03-23T12:41:06 IST" name="Default test" finished-at="2022-03-23T12:42:15 IST" duration-ms="69507">
      <class name="com.crm.autodesk.TestNG.CreatingContractWithindustryTest">
        <test-method is-config="true" signature="beforesuite()[pri:0, instance:com.crm.autodesk.TestNG.CreatingContractWithindustryTest@243c4f91]" started-at="2022-03-23T12:41:06 IST" name="beforesuite" finished-at="2022-03-23T12:41:06 IST" duration-ms="16" status="PASS">
          <reporter-output>
          </reporter-output>
        </test-method> <!-- beforesuite -->
        <test-method is-config="true" signature="beforeTest()[pri:0, instance:com.crm.autodesk.TestNG.CreatingContractWithindustryTest@243c4f91]" started-at="2022-03-23T12:41:06 IST" name="beforeTest" finished-at="2022-03-23T12:41:06 IST" duration-ms="2" status="PASS">
          <reporter-output>
          </reporter-output>
        </test-method> <!-- beforeTest -->
        <test-method is-config="true" signature="beforeClass()[pri:0, instance:com.crm.autodesk.TestNG.CreatingContractWithindustryTest@243c4f91]" started-at="2022-03-23T12:41:06 IST" name="beforeClass" finished-at="2022-03-23T12:41:20 IST" duration-ms="13587" status="PASS">
          <reporter-output>
          </reporter-output>
        </test-method> <!-- beforeClass -->
        <test-method is-config="true" signature="bm(org.testng.xml.XmlTest)[pri:0, instance:com.crm.autodesk.TestNG.CreatingContractWithindustryTest@243c4f91]" started-at="2022-03-23T12:41:20 IST" name="bm" finished-at="2022-03-23T12:41:24 IST" duration-ms="4668" status="PASS">
          <params>
            <param index="0">
              <value>
                <![CDATA[org.testng.xml.XmlTest@348ad1a8]]>
              </value>
            </param>
          </params>
          <reporter-output>
          </reporter-output>
        </test-method> <!-- bm -->
        <test-method signature="createWithindustry()[pri:0, instance:com.crm.autodesk.TestNG.CreatingContractWithindustryTest@243c4f91]" started-at="2022-03-23T12:41:24 IST" name="createWithindustry" finished-at="2022-03-23T12:42:13 IST" duration-ms="48607" status="PASS">
          <reporter-output>
          </reporter-output>
        </test-method> <!-- createWithindustry -->
        <test-method is-config="true" signature="am()[pri:0, instance:com.crm.autodesk.TestNG.CreatingContractWithindustryTest@243c4f91]" started-at="2022-03-23T12:42:13 IST" name="am" finished-at="2022-03-23T12:42:15 IST" duration-ms="2550" status="PASS">
          <reporter-output>
          </reporter-output>
        </test-method> <!-- am -->
        <test-method is-config="true" signature="ac()[pri:0, instance:com.crm.autodesk.TestNG.CreatingContractWithindustryTest@243c4f91]" started-at="2022-03-23T12:42:15 IST" name="ac" finished-at="2022-03-23T12:42:15 IST" duration-ms="1" status="PASS">
          <reporter-output>
          </reporter-output>
        </test-method> <!-- ac -->
        <test-method is-config="true" signature="at()[pri:0, instance:com.crm.autodesk.TestNG.CreatingContractWithindustryTest@243c4f91]" started-at="2022-03-23T12:42:15 IST" name="at" finished-at="2022-03-23T12:42:15 IST" duration-ms="1" status="PASS">
          <reporter-output>
          </reporter-output>
        </test-method> <!-- at -->
        <test-method is-config="true" signature="as()[pri:0, instance:com.crm.autodesk.TestNG.CreatingContractWithindustryTest@243c4f91]" started-at="2022-03-23T12:42:16 IST" name="as" finished-at="2022-03-23T12:42:16 IST" duration-ms="1" status="PASS">
          <reporter-output>
          </reporter-output>
        </test-method> <!-- as -->
      </class> <!-- com.crm.autodesk.TestNG.CreatingContractWithindustryTest -->
    </test> <!-- Default test -->
  </suite> <!-- Default suite -->
</testng-results>
